<?xml version="1.0" encoding="UTF-8"?>
<!-- Generated by org.testng.reporters.JUnitXMLReporter -->
<testsuite ignored="6" hostname="Upadpro16gblenovoi54aaug2021" failures="0" tests="4" name="Case_Account Scenario" time="106.416" errors="0" timestamp="2025-04-14T13:02:32 IST">
  <testcase classname="com.liono360.cases.TC_001CreateCaseForAccountWithAllFields" name="TC_001CreateCaseWithAccount" time="51.109"/>
  <testcase classname="com.liono360.cases.TC_005ViewCases" name="TC_005viewCasesTest" time="9.389"/>
  <testcase classname="com.liono360.cases.TC_006EditCase" name="TC_006EditCases" time="14.222"/>
  <testcase classname="com.liono360.cases.TC_007DeleteCases" name="TC_007DeleteCasesTest" time="31.635"/>
  <testcase classname="com.liono360.loginPage.Baseclass" name="@AfterSuite teardown" time="0.0">
    <ignored/>
  </testcase> <!-- @AfterSuite teardown -->
  <testcase classname="com.liono360.loginPage.Baseclass" name="@AfterSuite teardown" time="0.0">
    <ignored/>
  </testcase> <!-- @AfterSuite teardown -->
  <testcase classname="com.liono360.loginPage.Baseclass" name="@AfterSuite teardown" time="0.0">
    <ignored/>
  </testcase> <!-- @AfterSuite teardown -->
  <testcase classname="com.liono360.loginPage.Baseclass" name="@BeforeSuite setup" time="0.0">
    <ignored/>
  </testcase> <!-- @BeforeSuite setup -->
  <testcase classname="com.liono360.loginPage.Baseclass" name="@BeforeSuite setup" time="0.0">
    <ignored/>
  </testcase> <!-- @BeforeSuite setup -->
  <testcase classname="com.liono360.loginPage.Baseclass" name="@BeforeSuite setup" time="0.0">
    <ignored/>
  </testcase> <!-- @BeforeSuite setup -->
</testsuite> <!-- Case_Account Scenario -->
