<?xml version="1.0" encoding="UTF-8"?>
<!-- Generated by org.testng.reporters.JUnitXMLReporter -->
<testsuite ignored="6" hostname="Upadpro16gblenovoi54aaug2021" failures="0" tests="4" name="Case_Lead Scenario" time="102.376" errors="0" timestamp="2025-04-14T13:04:15 IST">
  <testcase classname="com.liono360.cases.TC_002CreateCaseForLeadWithAllFields" name="TC_002CreateCaseWithLead" time="45.592"/>
  <testcase classname="com.liono360.cases.TC_005ViewCases" name="TC_005viewCasesTest" time="10.978"/>
  <testcase classname="com.liono360.cases.TC_006EditCase" name="TC_006EditCases" time="14.644"/>
  <testcase classname="com.liono360.cases.TC_007DeleteCases" name="TC_007DeleteCasesTest" time="31.149"/>
  <testcase classname="com.liono360.loginPage.Baseclass" name="@AfterSuite teardown" time="0.0">
    <ignored/>
  </testcase> <!-- @AfterSuite teardown -->
  <testcase classname="com.liono360.loginPage.Baseclass" name="@AfterSuite teardown" time="0.0">
    <ignored/>
  </testcase> <!-- @AfterSuite teardown -->
  <testcase classname="com.liono360.loginPage.Baseclass" name="@AfterSuite teardown" time="0.0">
    <ignored/>
  </testcase> <!-- @AfterSuite teardown -->
  <testcase classname="com.liono360.loginPage.Baseclass" name="@BeforeSuite setup" time="0.0">
    <ignored/>
  </testcase> <!-- @BeforeSuite setup -->
  <testcase classname="com.liono360.loginPage.Baseclass" name="@BeforeSuite setup" time="0.0">
    <ignored/>
  </testcase> <!-- @BeforeSuite setup -->
  <testcase classname="com.liono360.loginPage.Baseclass" name="@BeforeSuite setup" time="0.0">
    <ignored/>
  </testcase> <!-- @BeforeSuite setup -->
</testsuite> <!-- Case_Lead Scenario -->
