<?xml version="1.0" encoding="UTF-8"?>
<!-- Generated by org.testng.reporters.JUnitXMLReporter -->
<testsuite ignored="6" hostname="Upadpro16gblenovoi54aaug2021" failures="0" tests="4" name="Case_Organization Scenario" time="94.044" errors="0" timestamp="2025-04-14T13:05:49 IST">
  <testcase classname="com.liono360.cases.TC_004CreateCaseForOrganizationWithAllFields" name="TC_004CreateCaseWithOrganization" time="41.241"/>
  <testcase classname="com.liono360.cases.TC_005ViewCases" name="TC_005viewCasesTest" time="9.315"/>
  <testcase classname="com.liono360.cases.TC_006EditCase" name="TC_006EditCases" time="13.04"/>
  <testcase classname="com.liono360.cases.TC_007DeleteCases" name="TC_007DeleteCasesTest" time="30.441"/>
  <testcase classname="com.liono360.loginPage.Baseclass" name="@AfterSuite teardown" time="0.0">
    <ignored/>
  </testcase> <!-- @AfterSuite teardown -->
  <testcase classname="com.liono360.loginPage.Baseclass" name="@AfterSuite teardown" time="0.0">
    <ignored/>
  </testcase> <!-- @AfterSuite teardown -->
  <testcase classname="com.liono360.loginPage.Baseclass" name="@AfterSuite teardown" time="0.0">
    <ignored/>
  </testcase> <!-- @AfterSuite teardown -->
  <testcase classname="com.liono360.loginPage.Baseclass" name="@BeforeSuite setup" time="0.0">
    <ignored/>
  </testcase> <!-- @BeforeSuite setup -->
  <testcase classname="com.liono360.loginPage.Baseclass" name="@BeforeSuite setup" time="0.0">
    <ignored/>
  </testcase> <!-- @BeforeSuite setup -->
  <testcase classname="com.liono360.loginPage.Baseclass" name="@BeforeSuite setup" time="0.0">
    <ignored/>
  </testcase> <!-- @BeforeSuite setup -->
</testsuite> <!-- Case_Organization Scenario -->
