<?xml version="1.0" encoding="UTF-8"?>
<!-- Generated by org.testng.reporters.JUnitXMLReporter -->
<testsuite ignored="6" hostname="Upadpro16gblenovoi54aaug2021" failures="0" tests="4" name="Test" time="107.14" errors="0" timestamp="2025-03-26T16:21:22 IST">
  <testcase classname="com.liono360.opportunities.TC_001CreateOpportunity" name="CreateOpportunityTest" time="45.912"/>
  <testcase classname="com.liono360.opportunities.TC_002ViewOpportunity" name="ViewOpportunityTest" time="16.928"/>
  <testcase classname="com.liono360.opportunities.TC_003EditOpportunity" name="EditOpportunityTest" time="35.082"/>
  <testcase classname="com.liono360.opportunities.TC_004DeleteOpportunity" name="DeleteOpportunityTest" time="9.158"/>
  <testcase classname="com.liono360.loginPage.Baseclass" name="@AfterSuite teardown" time="0.0">
    <ignored/>
  </testcase> <!-- @AfterSuite teardown -->
  <testcase classname="com.liono360.loginPage.Baseclass" name="@AfterSuite teardown" time="0.0">
    <ignored/>
  </testcase> <!-- @AfterSuite teardown -->
  <testcase classname="com.liono360.loginPage.Baseclass" name="@AfterSuite teardown" time="0.0">
    <ignored/>
  </testcase> <!-- @AfterSuite teardown -->
  <testcase classname="com.liono360.loginPage.Baseclass" name="@BeforeSuite setup" time="0.0">
    <ignored/>
  </testcase> <!-- @BeforeSuite setup -->
  <testcase classname="com.liono360.loginPage.Baseclass" name="@BeforeSuite setup" time="0.0">
    <ignored/>
  </testcase> <!-- @BeforeSuite setup -->
  <testcase classname="com.liono360.loginPage.Baseclass" name="@BeforeSuite setup" time="0.0">
    <ignored/>
  </testcase> <!-- @BeforeSuite setup -->
</testsuite> <!-- Test -->
