<?xml version="1.0" encoding="UTF-8"?>
<!-- Generated by org.testng.reporters.JUnitXMLReporter -->
<testsuite ignored="4" hostname="Upadpro16gblenovoi54aaug2021" failures="0" tests="3" name="Test" time="140.814" errors="0" timestamp="2025-04-22T14:07:55 IST">
  <testcase classname="com.liono360.leads.TC_001CreateLead" name="TC001_CreateLead" time="74.6"/>
  <testcase classname="com.liono360.leads.TC_002ViewLead" name="TC002_ViewLead" time="20.848"/>
  <testcase classname="com.liono360.leads.TC_003EditLead" name="TC003_EditLead" time="45.337"/>
  <testcase classname="com.liono360.loginPage.Baseclass" name="@AfterSuite teardown" time="0.0">
    <ignored/>
  </testcase> <!-- @AfterSuite teardown -->
  <testcase classname="com.liono360.loginPage.Baseclass" name="@AfterSuite teardown" time="0.0">
    <ignored/>
  </testcase> <!-- @AfterSuite teardown -->
  <testcase classname="com.liono360.loginPage.Baseclass" name="@BeforeSuite setup" time="0.0">
    <ignored/>
  </testcase> <!-- @BeforeSuite setup -->
  <testcase classname="com.liono360.loginPage.Baseclass" name="@BeforeSuite setup" time="0.0">
    <ignored/>
  </testcase> <!-- @BeforeSuite setup -->
</testsuite> <!-- Test -->
