<?xml version="1.0" encoding="UTF-8"?>
<!-- Generated by org.testng.reporters.JUnitXMLReporter -->
<testsuite ignored="12" hostname="Upadpro16gblenovoi54aaug2021" failures="0" tests="7" name="Test" time="523.218" errors="0" timestamp="2025-04-03T12:25:12 IST">
  <testcase classname="com.liono360.accounts.TC_014ActivityLogsFieldVisit" name="ActivityLogsFieldVisitTest" time="87.518"/>
  <testcase classname="com.liono360.accounts.TC_015ActivityLogsEmail" name="ActivityLogsEmailTest" time="72.01"/>
  <testcase classname="com.liono360.accounts.TC_016ActivityLogsNotes" name="ActivityLogsNotesTest" time="74.556"/>
  <testcase classname="com.liono360.accounts.TC_028ActivityLogsMobile_InboundCall" name="ActivityLogsMobile_InboundCallTest" time="72.673"/>
  <testcase classname="com.liono360.accounts.TC_029ActivityLogsMobile_OutboundCall" name="ActivityLogsMobile_OutboundCallTest" time="70.104"/>
  <testcase classname="com.liono360.accounts.TC_030ActivityLogsWork_InboundCall" name="ActivityLogsWork_InboundCallTest" time="72.813"/>
  <testcase classname="com.liono360.accounts.TC_031ActivityLogsWork_OutboundCall" name="ActivityLogsWork_OutboundCallTest" time="73.457"/>
  <testcase classname="com.liono360.loginPage.Baseclass" name="@AfterSuite teardown" time="0.0">
    <ignored/>
  </testcase> <!-- @AfterSuite teardown -->
  <testcase classname="com.liono360.loginPage.Baseclass" name="@AfterSuite teardown" time="0.0">
    <ignored/>
  </testcase> <!-- @AfterSuite teardown -->
  <testcase classname="com.liono360.loginPage.Baseclass" name="@AfterSuite teardown" time="0.0">
    <ignored/>
  </testcase> <!-- @AfterSuite teardown -->
  <testcase classname="com.liono360.loginPage.Baseclass" name="@AfterSuite teardown" time="0.0">
    <ignored/>
  </testcase> <!-- @AfterSuite teardown -->
  <testcase classname="com.liono360.loginPage.Baseclass" name="@AfterSuite teardown" time="0.0">
    <ignored/>
  </testcase> <!-- @AfterSuite teardown -->
  <testcase classname="com.liono360.loginPage.Baseclass" name="@AfterSuite teardown" time="0.0">
    <ignored/>
  </testcase> <!-- @AfterSuite teardown -->
  <testcase classname="com.liono360.loginPage.Baseclass" name="@BeforeSuite setup" time="0.0">
    <ignored/>
  </testcase> <!-- @BeforeSuite setup -->
  <testcase classname="com.liono360.loginPage.Baseclass" name="@BeforeSuite setup" time="0.0">
    <ignored/>
  </testcase> <!-- @BeforeSuite setup -->
  <testcase classname="com.liono360.loginPage.Baseclass" name="@BeforeSuite setup" time="0.0">
    <ignored/>
  </testcase> <!-- @BeforeSuite setup -->
  <testcase classname="com.liono360.loginPage.Baseclass" name="@BeforeSuite setup" time="0.0">
    <ignored/>
  </testcase> <!-- @BeforeSuite setup -->
  <testcase classname="com.liono360.loginPage.Baseclass" name="@BeforeSuite setup" time="0.0">
    <ignored/>
  </testcase> <!-- @BeforeSuite setup -->
  <testcase classname="com.liono360.loginPage.Baseclass" name="@BeforeSuite setup" time="0.0">
    <ignored/>
  </testcase> <!-- @BeforeSuite setup -->
</testsuite> <!-- Test -->
