<?xml version="1.0" encoding="UTF-8"?>
<!-- Generated by org.testng.reporters.JUnitXMLReporter -->
<testsuite ignored="6" hostname="Upadpro16gblenovoi54aaug2021" failures="0" tests="4" name="Test" time="105.194" errors="0" timestamp="2025-05-09T15:00:52 IST">
  <testcase classname="com.liono360.Product.Inventoryitem.TC_001CreateProduct" name="CreateProductwithRequiredfieldTest" time="43.62"/>
  <testcase classname="com.liono360.Product.Inventoryitem.TC_002EditProduct" name="EditProductTest" time="25.22"/>
  <testcase classname="com.liono360.Product.Inventoryitem.TC_003ViewProduct" name="ViewProductTest" time="16.467"/>
  <testcase classname="com.liono360.Product.Inventoryitem.TC_004DeleteProduct" name="DeleteProductTest" time="19.83"/>
  <testcase classname="com.liono360.loginPage.Baseclass" name="@AfterSuite teardown" time="0.0">
    <ignored/>
  </testcase> <!-- @AfterSuite teardown -->
  <testcase classname="com.liono360.loginPage.Baseclass" name="@AfterSuite teardown" time="0.0">
    <ignored/>
  </testcase> <!-- @AfterSuite teardown -->
  <testcase classname="com.liono360.loginPage.Baseclass" name="@AfterSuite teardown" time="0.0">
    <ignored/>
  </testcase> <!-- @AfterSuite teardown -->
  <testcase classname="com.liono360.loginPage.Baseclass" name="@BeforeSuite setup" time="0.0">
    <ignored/>
  </testcase> <!-- @BeforeSuite setup -->
  <testcase classname="com.liono360.loginPage.Baseclass" name="@BeforeSuite setup" time="0.0">
    <ignored/>
  </testcase> <!-- @BeforeSuite setup -->
  <testcase classname="com.liono360.loginPage.Baseclass" name="@BeforeSuite setup" time="0.0">
    <ignored/>
  </testcase> <!-- @BeforeSuite setup -->
</testsuite> <!-- Test -->
