<?xml version="1.0" encoding="UTF-8"?>
<!-- Generated by org.testng.reporters.JUnitXMLReporter -->
<testsuite ignored="4" hostname="Upadpro16gblenovoi54aaug2021" failures="3" tests="3" name="Test" time="148.454" errors="0" timestamp="2025-04-21T19:47:01 IST">
  <testcase classname="com.liono360.leads.TC_001CreateLead" name="TC001_CreateLead" time="76.76">
    <failure type="java.lang.AssertionError" message="expected [true] but found [false]">
      <![CDATA[java.lang.AssertionError: expected [true] but found [false]
at com.liono360.leads.TC_001CreateLead.TC001_CreateLead(TC_001CreateLead.java:266)
at java.base/java.util.ArrayList.forEach(ArrayList.java:1596)
... Removed 29 stack frames]]>
    </failure>
  </testcase> <!-- TC001_CreateLead -->
  <testcase classname="com.liono360.leads.TC_002ViewLead" name="TC002_ViewLead" time="38.858">
    <failure type="java.lang.RuntimeException" message="&amp;lt;b&amp;gt;Unable to click within the specified duration of 120 seconds.....&amp;lt;/b&amp;gt;&amp;lt;br&amp;gt;element click intercepted: Element &amp;lt;span class=&amp;quot;ng-tns-c797642998-25&amp;quot;&amp;gt;...&amp;lt;/span&amp;gt; is not clickable at point (86, 66). Other element would receive the click: &amp;lt;div class=&amp;quot;ng-tns-c1946505645-58 p-dialog-mask p-component-overlay p-component-overlay-enter p-dialog-mask-scrollblocker ng-star-inserted&amp;quot; style=&amp;quot;z-index: 1101;&amp;quot;&amp;gt;...&amp;lt;/div&amp;gt;
  (Session info: chrome=135.0.7049.96)
Build info: version: &amp;apos;4.20.0&amp;apos;, revision: &amp;apos;866c76ca80&amp;apos;
System info: os.name: &amp;apos;Windows 11&amp;apos;, os.arch: &amp;apos;amd64&amp;apos;, os.version: &amp;apos;10.0&amp;apos;, java.version: &amp;apos;21.0.6&amp;apos;
Driver info: org.openqa.selenium.chrome.ChromeDriver
Command: [567e8e1cefda3d393c35839171ed24bb, clickElement {id=f.C0E2D3726A713AE4890400EAD22B5233.d.66361EDF5B1AB045C83BE37AC05D6D1F.e.91}]
Capabilities {acceptInsecureCerts: false, browserName: chrome, browserVersion: 135.0.7049.96, chrome: {chromedriverVersion: 135.0.7049.95 (de2eb485a195..., userDataDir: C:\Users\Testing\AppData\Lo...}, fedcm:accounts: true, goog:chromeOptions: {debuggerAddress: localhost:58330}, networkConnectionEnabled: false, pageLoadStrategy: normal, platformName: windows, proxy: Proxy(), se:cdp: ws://localhost:58330/devtoo..., se:cdpVersion: 135.0.7049.96, setWindowRect: true, strictFileInteractability: false, timeouts: {implicit: 0, pageLoad: 300000, script: 30000}, unhandledPromptBehavior: dismiss and notify, webauthn:extension:credBlob: true, webauthn:extension:largeBlob: true, webauthn:extension:minPinLength: true, webauthn:extension:prf: true, webauthn:virtualAuthenticators: true}
Element: [[ChromeDriver: chrome on windows (567e8e1cefda3d393c35839171ed24bb)] -&amp;gt; xpath: //span[contains(text(),&amp;apos;Leads&amp;apos;)]]
Session ID: 567e8e1cefda3d393c35839171ed24bb">
      <![CDATA[java.lang.RuntimeException: <b>Unable to click within the specified duration of 120 seconds.....</b><br>element click intercepted: Element <span class="ng-tns-c797642998-25">...</span> is not clickable at point (86, 66). Other element would receive the click: <div class="ng-tns-c1946505645-58 p-dialog-mask p-component-overlay p-component-overlay-enter p-dialog-mask-scrollblocker ng-star-inserted" style="z-index: 1101;">...</div>
  (Session info: chrome=135.0.7049.96)
Build info: version: '4.20.0', revision: '866c76ca80'
System info: os.name: 'Windows 11', os.arch: 'amd64', os.version: '10.0', java.version: '21.0.6'
Driver info: org.openqa.selenium.chrome.ChromeDriver
Command: [567e8e1cefda3d393c35839171ed24bb, clickElement {id=f.C0E2D3726A713AE4890400EAD22B5233.d.66361EDF5B1AB045C83BE37AC05D6D1F.e.91}]
Capabilities {acceptInsecureCerts: false, browserName: chrome, browserVersion: 135.0.7049.96, chrome: {chromedriverVersion: 135.0.7049.95 (de2eb485a195..., userDataDir: C:\Users\Testing\AppData\Lo...}, fedcm:accounts: true, goog:chromeOptions: {debuggerAddress: localhost:58330}, networkConnectionEnabled: false, pageLoadStrategy: normal, platformName: windows, proxy: Proxy(), se:cdp: ws://localhost:58330/devtoo..., se:cdpVersion: 135.0.7049.96, setWindowRect: true, strictFileInteractability: false, timeouts: {implicit: 0, pageLoad: 300000, script: 30000}, unhandledPromptBehavior: dismiss and notify, webauthn:extension:credBlob: true, webauthn:extension:largeBlob: true, webauthn:extension:minPinLength: true, webauthn:extension:prf: true, webauthn:virtualAuthenticators: true}
Element: [[ChromeDriver: chrome on windows (567e8e1cefda3d393c35839171ed24bb)] -> xpath: //span[contains(text(),'Leads')]]
Session ID: 567e8e1cefda3d393c35839171ed24bb
at com.liono360.loginPage.Baseclass.TryClick(Baseclass.java:308)
at com.liono360.leads.TC_002ViewLead.TC002_ViewLead(TC_002ViewLead.java:27)
at java.base/java.util.ArrayList.forEach(ArrayList.java:1596)
... Removed 25 stack frames]]>
    </failure>
  </testcase> <!-- TC002_ViewLead -->
  <testcase classname="com.liono360.leads.TC_003EditLead" name="TC003_EditLead" time="31.067">
    <failure type="java.lang.RuntimeException" message="&amp;lt;b&amp;gt;Unable to click within the specified duration of 120 seconds.....&amp;lt;/b&amp;gt;&amp;lt;br&amp;gt;element click intercepted: Element &amp;lt;span class=&amp;quot;ng-tns-c797642998-25&amp;quot;&amp;gt;...&amp;lt;/span&amp;gt; is not clickable at point (86, 66). Other element would receive the click: &amp;lt;div class=&amp;quot;ng-tns-c1946505645-58 p-dialog-mask p-component-overlay p-component-overlay-enter p-dialog-mask-scrollblocker ng-star-inserted&amp;quot; style=&amp;quot;z-index: 1101;&amp;quot;&amp;gt;...&amp;lt;/div&amp;gt;
  (Session info: chrome=135.0.7049.96)
Build info: version: &amp;apos;4.20.0&amp;apos;, revision: &amp;apos;866c76ca80&amp;apos;
System info: os.name: &amp;apos;Windows 11&amp;apos;, os.arch: &amp;apos;amd64&amp;apos;, os.version: &amp;apos;10.0&amp;apos;, java.version: &amp;apos;21.0.6&amp;apos;
Driver info: org.openqa.selenium.chrome.ChromeDriver
Command: [567e8e1cefda3d393c35839171ed24bb, clickElement {id=f.C0E2D3726A713AE4890400EAD22B5233.d.66361EDF5B1AB045C83BE37AC05D6D1F.e.91}]
Capabilities {acceptInsecureCerts: false, browserName: chrome, browserVersion: 135.0.7049.96, chrome: {chromedriverVersion: 135.0.7049.95 (de2eb485a195..., userDataDir: C:\Users\Testing\AppData\Lo...}, fedcm:accounts: true, goog:chromeOptions: {debuggerAddress: localhost:58330}, networkConnectionEnabled: false, pageLoadStrategy: normal, platformName: windows, proxy: Proxy(), se:cdp: ws://localhost:58330/devtoo..., se:cdpVersion: 135.0.7049.96, setWindowRect: true, strictFileInteractability: false, timeouts: {implicit: 0, pageLoad: 300000, script: 30000}, unhandledPromptBehavior: dismiss and notify, webauthn:extension:credBlob: true, webauthn:extension:largeBlob: true, webauthn:extension:minPinLength: true, webauthn:extension:prf: true, webauthn:virtualAuthenticators: true}
Element: [[ChromeDriver: chrome on windows (567e8e1cefda3d393c35839171ed24bb)] -&amp;gt; xpath: //span[contains(text(),&amp;apos;Leads&amp;apos;)]]
Session ID: 567e8e1cefda3d393c35839171ed24bb">
      <![CDATA[java.lang.RuntimeException: <b>Unable to click within the specified duration of 120 seconds.....</b><br>element click intercepted: Element <span class="ng-tns-c797642998-25">...</span> is not clickable at point (86, 66). Other element would receive the click: <div class="ng-tns-c1946505645-58 p-dialog-mask p-component-overlay p-component-overlay-enter p-dialog-mask-scrollblocker ng-star-inserted" style="z-index: 1101;">...</div>
  (Session info: chrome=135.0.7049.96)
Build info: version: '4.20.0', revision: '866c76ca80'
System info: os.name: 'Windows 11', os.arch: 'amd64', os.version: '10.0', java.version: '21.0.6'
Driver info: org.openqa.selenium.chrome.ChromeDriver
Command: [567e8e1cefda3d393c35839171ed24bb, clickElement {id=f.C0E2D3726A713AE4890400EAD22B5233.d.66361EDF5B1AB045C83BE37AC05D6D1F.e.91}]
Capabilities {acceptInsecureCerts: false, browserName: chrome, browserVersion: 135.0.7049.96, chrome: {chromedriverVersion: 135.0.7049.95 (de2eb485a195..., userDataDir: C:\Users\Testing\AppData\Lo...}, fedcm:accounts: true, goog:chromeOptions: {debuggerAddress: localhost:58330}, networkConnectionEnabled: false, pageLoadStrategy: normal, platformName: windows, proxy: Proxy(), se:cdp: ws://localhost:58330/devtoo..., se:cdpVersion: 135.0.7049.96, setWindowRect: true, strictFileInteractability: false, timeouts: {implicit: 0, pageLoad: 300000, script: 30000}, unhandledPromptBehavior: dismiss and notify, webauthn:extension:credBlob: true, webauthn:extension:largeBlob: true, webauthn:extension:minPinLength: true, webauthn:extension:prf: true, webauthn:virtualAuthenticators: true}
Element: [[ChromeDriver: chrome on windows (567e8e1cefda3d393c35839171ed24bb)] -> xpath: //span[contains(text(),'Leads')]]
Session ID: 567e8e1cefda3d393c35839171ed24bb
at com.liono360.loginPage.Baseclass.TryClick(Baseclass.java:308)
at com.liono360.leads.TC_003EditLead.TC003_EditLead(TC_003EditLead.java:26)
at java.base/java.util.ArrayList.forEach(ArrayList.java:1596)
... Removed 25 stack frames]]>
    </failure>
  </testcase> <!-- TC003_EditLead -->
  <testcase classname="com.liono360.loginPage.Baseclass" name="@AfterSuite teardown" time="0.0">
    <ignored/>
  </testcase> <!-- @AfterSuite teardown -->
  <testcase classname="com.liono360.loginPage.Baseclass" name="@AfterSuite teardown" time="0.0">
    <ignored/>
  </testcase> <!-- @AfterSuite teardown -->
  <testcase classname="com.liono360.loginPage.Baseclass" name="@BeforeSuite setup" time="0.0">
    <ignored/>
  </testcase> <!-- @BeforeSuite setup -->
  <testcase classname="com.liono360.loginPage.Baseclass" name="@BeforeSuite setup" time="0.0">
    <ignored/>
  </testcase> <!-- @BeforeSuite setup -->
</testsuite> <!-- Test -->
