<?xml version="1.0" encoding="UTF-8"?>
<testng-results ignored="0" total="1" passed="1" failed="0" skipped="0">
  <reporter-output>
  </reporter-output>
  <suite started-at="2025-05-01T12:24:23 IST" name="Default suite" finished-at="2025-05-01T12:25:02 IST" duration-ms="39207">
    <groups>
    </groups>
    <test started-at="2025-05-01T12:24:23 IST" name="Default test" finished-at="2025-05-01T12:25:02 IST" duration-ms="39207">
      <class name="com.liono360.leads.TC_007ActivityLogsEmail">
        <test-method is-config="true" signature="setup()[pri:0, instance:com.liono360.leads.TC_007ActivityLogsEmail@145f66e3]" started-at="2025-05-01T12:23:28 IST" name="setup" finished-at="2025-05-01T12:24:23 IST" duration-ms="55055" status="PASS">
          <reporter-output>
          </reporter-output>
        </test-method> <!-- setup -->
        <test-method signature="TC007_ActivityLogsEmail()[pri:0, instance:com.liono360.leads.TC_007ActivityLogsEmail@145f66e3]" started-at="2025-05-01T12:24:23 IST" name="TC007_ActivityLogsEmail" finished-at="2025-05-01T12:25:02 IST" duration-ms="39184" status="PASS">
          <reporter-output>
          </reporter-output>
        </test-method> <!-- TC007_ActivityLogsEmail -->
        <test-method is-config="true" signature="teardown()[pri:0, instance:com.liono360.leads.TC_007ActivityLogsEmail@145f66e3]" started-at="2025-05-01T12:25:02 IST" name="teardown" finished-at="2025-05-01T12:25:04 IST" duration-ms="1404" status="PASS">
          <reporter-output>
          </reporter-output>
        </test-method> <!-- teardown -->
      </class> <!-- com.liono360.leads.TC_007ActivityLogsEmail -->
    </test> <!-- Default test -->
  </suite> <!-- Default suite -->
</testng-results>
