<?xml version="1.0" encoding="UTF-8"?>
<testng-results ignored="18" total="30" passed="12" failed="0" skipped="0">
  <reporter-output>
  </reporter-output>
  <suite started-at="2025-04-02T16:56:30 IST" name="Suite" finished-at="2025-04-02T17:00:04 IST" duration-ms="213619">
    <groups>
    </groups>
    <test started-at="2025-04-02T16:56:30 IST" name="Case_Account Scenario" finished-at="2025-04-02T16:57:40 IST" duration-ms="70095">
      <class name="com.liono360.cases.TC_006EditCase">
        <test-method signature="TC_006EditCases()[pri:0, instance:com.liono360.cases.TC_006EditCase@cd1e646]" started-at="2025-04-02T16:57:12 IST" name="TC_006EditCases" finished-at="2025-04-02T16:57:19 IST" duration-ms="7421" status="PASS">
          <reporter-output>
          </reporter-output>
        </test-method> <!-- TC_006EditCases -->
      </class> <!-- com.liono360.cases.TC_006EditCase -->
      <class name="com.liono360.cases.TC_005ViewCases">
        <test-method signature="TC_005viewCasesTest()[pri:0, instance:com.liono360.cases.TC_005ViewCases@93081b6]" started-at="2025-04-02T16:57:04 IST" name="TC_005viewCasesTest" finished-at="2025-04-02T16:57:12 IST" duration-ms="7749" status="PASS">
          <reporter-output>
          </reporter-output>
        </test-method> <!-- TC_005viewCasesTest -->
      </class> <!-- com.liono360.cases.TC_005ViewCases -->
      <class name="com.liono360.cases.TC_001CreateCaseForAccountWithAllFields">
        <test-method signature="TC_001CreateCaseWithAccount()[pri:0, instance:com.liono360.cases.TC_001CreateCaseForAccountWithAllFields@43015c69]" started-at="2025-04-02T16:56:30 IST" name="TC_001CreateCaseWithAccount" finished-at="2025-04-02T16:57:04 IST" duration-ms="33610" status="PASS">
          <reporter-output>
          </reporter-output>
        </test-method> <!-- TC_001CreateCaseWithAccount -->
      </class> <!-- com.liono360.cases.TC_001CreateCaseForAccountWithAllFields -->
      <class name="com.liono360.cases.TC_007DeleteCases">
        <test-method signature="TC_007DeleteCasesTest()[pri:0, instance:com.liono360.cases.TC_007DeleteCases@7ba8c737]" started-at="2025-04-02T16:57:19 IST" name="TC_007DeleteCasesTest" finished-at="2025-04-02T16:57:40 IST" duration-ms="21248" status="PASS">
          <reporter-output>
          </reporter-output>
        </test-method> <!-- TC_007DeleteCasesTest -->
      </class> <!-- com.liono360.cases.TC_007DeleteCases -->
    </test> <!-- Case_Account Scenario -->
    <test started-at="2025-04-02T16:57:41 IST" name="Case_Lead Scenario" finished-at="2025-04-02T16:59:02 IST" duration-ms="80700">
      <class name="com.liono360.cases.TC_006EditCase">
        <test-method signature="TC_006EditCases()[pri:0, instance:com.liono360.cases.TC_006EditCase@651aed93]" started-at="2025-04-02T16:58:32 IST" name="TC_006EditCases" finished-at="2025-04-02T16:58:40 IST" duration-ms="7551" status="PASS">
          <reporter-output>
          </reporter-output>
        </test-method> <!-- TC_006EditCases -->
      </class> <!-- com.liono360.cases.TC_006EditCase -->
      <class name="com.liono360.cases.TC_002CreateCaseForLeadWithAllFields">
        <test-method signature="TC_002CreateCaseWithLead()[pri:0, instance:com.liono360.cases.TC_002CreateCaseForLeadWithAllFields@7a3793c7]" started-at="2025-04-02T16:57:41 IST" name="TC_002CreateCaseWithLead" finished-at="2025-04-02T16:58:25 IST" duration-ms="43701" status="PASS">
          <reporter-output>
          </reporter-output>
        </test-method> <!-- TC_002CreateCaseWithLead -->
      </class> <!-- com.liono360.cases.TC_002CreateCaseForLeadWithAllFields -->
      <class name="com.liono360.cases.TC_005ViewCases">
        <test-method signature="TC_005viewCasesTest()[pri:0, instance:com.liono360.cases.TC_005ViewCases@42b3b079]" started-at="2025-04-02T16:58:25 IST" name="TC_005viewCasesTest" finished-at="2025-04-02T16:58:32 IST" duration-ms="7430" status="PASS">
          <reporter-output>
          </reporter-output>
        </test-method> <!-- TC_005viewCasesTest -->
      </class> <!-- com.liono360.cases.TC_005ViewCases -->
      <class name="com.liono360.cases.TC_007DeleteCases">
        <test-method signature="TC_007DeleteCasesTest()[pri:0, instance:com.liono360.cases.TC_007DeleteCases@4dd6fd0a]" started-at="2025-04-02T16:58:40 IST" name="TC_007DeleteCasesTest" finished-at="2025-04-02T16:59:02 IST" duration-ms="22013" status="PASS">
          <reporter-output>
          </reporter-output>
        </test-method> <!-- TC_007DeleteCasesTest -->
      </class> <!-- com.liono360.cases.TC_007DeleteCases -->
    </test> <!-- Case_Lead Scenario -->
    <test started-at="2025-04-02T16:59:02 IST" name="Case_Organization Scenario" finished-at="2025-04-02T17:00:04 IST" duration-ms="62323">
      <class name="com.liono360.cases.TC_004CreateCaseForOrganizationWithAllFields">
        <test-method is-config="true" signature="setup()[pri:0, instance:com.liono360.cases.TC_004CreateCaseForOrganizationWithAllFields@4a00d9cf]" started-at="2025-04-02T16:55:41 IST" name="setup" finished-at="2025-04-02T16:56:30 IST" duration-ms="49174" status="PASS">
          <reporter-output>
          </reporter-output>
        </test-method> <!-- setup -->
        <test-method signature="TC_004CreateCaseWithOrganization()[pri:0, instance:com.liono360.cases.TC_004CreateCaseForOrganizationWithAllFields@4a00d9cf]" started-at="2025-04-02T16:59:02 IST" name="TC_004CreateCaseWithOrganization" finished-at="2025-04-02T16:59:28 IST" duration-ms="26049" status="PASS">
          <reporter-output>
          </reporter-output>
        </test-method> <!-- TC_004CreateCaseWithOrganization -->
        <test-method is-config="true" signature="teardown()[pri:0, instance:com.liono360.cases.TC_004CreateCaseForOrganizationWithAllFields@4a00d9cf]" started-at="2025-04-02T17:00:04 IST" name="teardown" finished-at="2025-04-02T17:00:05 IST" duration-ms="1323" status="PASS">
          <reporter-output>
          </reporter-output>
        </test-method> <!-- teardown -->
      </class> <!-- com.liono360.cases.TC_004CreateCaseForOrganizationWithAllFields -->
      <class name="com.liono360.cases.TC_006EditCase">
        <test-method signature="TC_006EditCases()[pri:0, instance:com.liono360.cases.TC_006EditCase@52815fa3]" started-at="2025-04-02T16:59:35 IST" name="TC_006EditCases" finished-at="2025-04-02T16:59:42 IST" duration-ms="7398" status="PASS">
          <reporter-output>
          </reporter-output>
        </test-method> <!-- TC_006EditCases -->
      </class> <!-- com.liono360.cases.TC_006EditCase -->
      <class name="com.liono360.cases.TC_005ViewCases">
        <test-method signature="TC_005viewCasesTest()[pri:0, instance:com.liono360.cases.TC_005ViewCases@6736fa8d]" started-at="2025-04-02T16:59:28 IST" name="TC_005viewCasesTest" finished-at="2025-04-02T16:59:35 IST" duration-ms="7412" status="PASS">
          <reporter-output>
          </reporter-output>
        </test-method> <!-- TC_005viewCasesTest -->
      </class> <!-- com.liono360.cases.TC_005ViewCases -->
      <class name="com.liono360.cases.TC_007DeleteCases">
        <test-method signature="TC_007DeleteCasesTest()[pri:0, instance:com.liono360.cases.TC_007DeleteCases@50313382]" started-at="2025-04-02T16:59:42 IST" name="TC_007DeleteCasesTest" finished-at="2025-04-02T17:00:04 IST" duration-ms="21442" status="PASS">
          <reporter-output>
          </reporter-output>
        </test-method> <!-- TC_007DeleteCasesTest -->
      </class> <!-- com.liono360.cases.TC_007DeleteCases -->
    </test> <!-- Case_Organization Scenario -->
  </suite> <!-- Suite -->
</testng-results>
