<?xml version="1.0" encoding="UTF-8"?>
<testng-results ignored="6" total="10" passed="4" failed="0" skipped="0">
  <reporter-output>
  </reporter-output>
  <suite started-at="2025-04-25T12:40:13 IST" name="Suite" finished-at="2025-04-25T12:44:01 IST" duration-ms="227921">
    <groups>
    </groups>
    <test started-at="2025-04-25T12:40:13 IST" name="Test" finished-at="2025-04-25T12:44:01 IST" duration-ms="227921">
      <class name="com.liono360.accounts.TC_003EditAccount">
        <test-method signature="TC003_EditAccount()[pri:0, instance:com.liono360.accounts.TC_003EditAccount@7fd7a283]" started-at="2025-04-25T12:41:52 IST" name="TC003_EditAccount" finished-at="2025-04-25T12:42:34 IST" duration-ms="42626" status="PASS">
          <reporter-output>
          </reporter-output>
        </test-method> <!-- TC003_EditAccount -->
      </class> <!-- com.liono360.accounts.TC_003EditAccount -->
      <class name="com.liono360.accounts.TC_002ViewAccount">
        <test-method signature="TC002_ViewAccount()[pri:0, instance:com.liono360.accounts.TC_002ViewAccount@7ac296f6]" started-at="2025-04-25T12:41:32 IST" name="TC002_ViewAccount" finished-at="2025-04-25T12:41:52 IST" duration-ms="20052" status="PASS">
          <reporter-output>
          </reporter-output>
        </test-method> <!-- TC002_ViewAccount -->
      </class> <!-- com.liono360.accounts.TC_002ViewAccount -->
      <class name="com.liono360.accounts.TC_001CreateAccount">
        <test-method is-config="true" signature="setup()[pri:0, instance:com.liono360.accounts.TC_001CreateAccount@7d7758be]" started-at="2025-04-25T12:39:05 IST" name="setup" finished-at="2025-04-25T12:40:13 IST" duration-ms="67932" status="PASS">
          <reporter-output>
          </reporter-output>
        </test-method> <!-- setup -->
        <test-method signature="TC001CreateAccount()[pri:0, instance:com.liono360.accounts.TC_001CreateAccount@7d7758be]" started-at="2025-04-25T12:40:13 IST" name="TC001CreateAccount" finished-at="2025-04-25T12:41:32 IST" duration-ms="78885" status="PASS">
          <reporter-output>
          </reporter-output>
        </test-method> <!-- TC001CreateAccount -->
        <test-method is-config="true" signature="teardown()[pri:0, instance:com.liono360.accounts.TC_001CreateAccount@7d7758be]" started-at="2025-04-25T12:44:01 IST" name="teardown" finished-at="2025-04-25T12:44:02 IST" duration-ms="1287" status="PASS">
          <reporter-output>
          </reporter-output>
        </test-method> <!-- teardown -->
      </class> <!-- com.liono360.accounts.TC_001CreateAccount -->
      <class name="com.liono360.accounts.TC_004DeleteAccount">
        <test-method signature="TC004_DeleteAccount()[pri:0, instance:com.liono360.accounts.TC_004DeleteAccount@22f59fa]" started-at="2025-04-25T12:42:34 IST" name="TC004_DeleteAccount" finished-at="2025-04-25T12:44:01 IST" duration-ms="86332" status="PASS">
          <reporter-output>
          </reporter-output>
        </test-method> <!-- TC004_DeleteAccount -->
      </class> <!-- com.liono360.accounts.TC_004DeleteAccount -->
    </test> <!-- Test -->
  </suite> <!-- Suite -->
</testng-results>
