<?xml version="1.0" encoding="UTF-8"?>
<testng-results ignored="0" total="1" passed="1" failed="0" skipped="0">
  <reporter-output>
  </reporter-output>
  <suite started-at="2025-04-22T10:58:54 IST" name="Default suite" finished-at="2025-04-22T10:59:49 IST" duration-ms="54936">
    <groups>
    </groups>
    <test started-at="2025-04-22T10:58:54 IST" name="Default test" finished-at="2025-04-22T10:59:49 IST" duration-ms="54936">
      <class name="com.liono360.leads.TC_003EditLead">
        <test-method is-config="true" signature="setup()[pri:0, instance:com.liono360.leads.TC_003EditLead@145f66e3]" started-at="2025-04-22T10:57:56 IST" name="setup" finished-at="2025-04-22T10:58:54 IST" duration-ms="58549" status="PASS">
          <reporter-output>
          </reporter-output>
        </test-method> <!-- setup -->
        <test-method signature="TC003_EditLead()[pri:0, instance:com.liono360.leads.TC_003EditLead@145f66e3]" started-at="2025-04-22T10:58:54 IST" name="TC003_EditLead" finished-at="2025-04-22T10:59:49 IST" duration-ms="54918" status="PASS">
          <reporter-output>
          </reporter-output>
        </test-method> <!-- TC003_EditLead -->
        <test-method is-config="true" signature="teardown()[pri:0, instance:com.liono360.leads.TC_003EditLead@145f66e3]" started-at="2025-04-22T10:59:49 IST" name="teardown" finished-at="2025-04-22T10:59:51 IST" duration-ms="1270" status="PASS">
          <reporter-output>
          </reporter-output>
        </test-method> <!-- teardown -->
      </class> <!-- com.liono360.leads.TC_003EditLead -->
    </test> <!-- Default test -->
  </suite> <!-- Default suite -->
</testng-results>
