<?xml version="1.0" encoding="UTF-8"?>
<testng-results ignored="6" total="10" passed="4" failed="0" skipped="0">
  <reporter-output>
  </reporter-output>
  <suite started-at="2025-05-09T14:59:07 IST" name="Suite" finished-at="2025-05-09T15:00:52 IST" duration-ms="105194">
    <groups>
    </groups>
    <test started-at="2025-05-09T14:59:07 IST" name="Test" finished-at="2025-05-09T15:00:52 IST" duration-ms="105194">
      <class name="com.liono360.Product.Inventoryitem.TC_004DeleteProduct">
        <test-method signature="DeleteProductTest()[pri:0, instance:com.liono360.Product.Inventoryitem.TC_004DeleteProduct@22f59fa]" started-at="2025-05-09T15:00:32 IST" name="DeleteProductTest" finished-at="2025-05-09T15:00:52 IST" duration-ms="19830" status="PASS">
          <reporter-output>
          </reporter-output>
        </test-method> <!-- DeleteProductTest -->
      </class> <!-- com.liono360.Product.Inventoryitem.TC_004DeleteProduct -->
      <class name="com.liono360.Product.Inventoryitem.TC_003ViewProduct">
        <test-method signature="ViewProductTest()[pri:0, instance:com.liono360.Product.Inventoryitem.TC_003ViewProduct@7fd7a283]" started-at="2025-05-09T15:00:16 IST" name="ViewProductTest" finished-at="2025-05-09T15:00:32 IST" duration-ms="16467" status="PASS">
          <reporter-output>
          </reporter-output>
        </test-method> <!-- ViewProductTest -->
      </class> <!-- com.liono360.Product.Inventoryitem.TC_003ViewProduct -->
      <class name="com.liono360.Product.Inventoryitem.TC_002EditProduct">
        <test-method signature="EditProductTest()[pri:0, instance:com.liono360.Product.Inventoryitem.TC_002EditProduct@7ac296f6]" started-at="2025-05-09T14:59:51 IST" name="EditProductTest" finished-at="2025-05-09T15:00:16 IST" duration-ms="25220" status="PASS">
          <reporter-output>
          </reporter-output>
        </test-method> <!-- EditProductTest -->
      </class> <!-- com.liono360.Product.Inventoryitem.TC_002EditProduct -->
      <class name="com.liono360.Product.Inventoryitem.TC_001CreateProduct">
        <test-method is-config="true" signature="setup()[pri:0, instance:com.liono360.Product.Inventoryitem.TC_001CreateProduct@7d7758be]" started-at="2025-05-09T14:56:32 IST" name="setup" finished-at="2025-05-09T14:59:07 IST" duration-ms="155079" status="PASS">
          <reporter-output>
          </reporter-output>
        </test-method> <!-- setup -->
        <test-method signature="CreateProductwithRequiredfieldTest()[pri:0, instance:com.liono360.Product.Inventoryitem.TC_001CreateProduct@7d7758be]" started-at="2025-05-09T14:59:07 IST" name="CreateProductwithRequiredfieldTest" finished-at="2025-05-09T14:59:51 IST" duration-ms="43620" status="PASS">
          <reporter-output>
          </reporter-output>
        </test-method> <!-- CreateProductwithRequiredfieldTest -->
        <test-method is-config="true" signature="teardown()[pri:0, instance:com.liono360.Product.Inventoryitem.TC_001CreateProduct@7d7758be]" started-at="2025-05-09T15:00:53 IST" name="teardown" finished-at="2025-05-09T15:00:54 IST" duration-ms="1382" status="PASS">
          <reporter-output>
          </reporter-output>
        </test-method> <!-- teardown -->
      </class> <!-- com.liono360.Product.Inventoryitem.TC_001CreateProduct -->
    </test> <!-- Test -->
  </suite> <!-- Suite -->
</testng-results>
