<?xml version="1.0" encoding="UTF-8"?>
<testng-results ignored="6" total="10" passed="4" failed="0" skipped="0">
  <reporter-output>
  </reporter-output>
  <suite started-at="2025-05-02T11:34:41 IST" name="Suite" finished-at="2025-05-02T11:39:20 IST" duration-ms="278118">
    <groups>
    </groups>
    <test started-at="2025-05-02T11:34:41 IST" name="Test" finished-at="2025-05-02T11:39:20 IST" duration-ms="278118">
      <class name="com.liono360.accounts.TC_003EditAccount">
        <test-method signature="TC003_EditAccount()[pri:0, instance:com.liono360.accounts.TC_003EditAccount@7fd7a283]" started-at="2025-05-02T11:36:58 IST" name="TC003_EditAccount" finished-at="2025-05-02T11:37:46 IST" duration-ms="48630" status="PASS">
          <reporter-output>
          </reporter-output>
        </test-method> <!-- TC003_EditAccount -->
      </class> <!-- com.liono360.accounts.TC_003EditAccount -->
      <class name="com.liono360.accounts.TC_002ViewAccount">
        <test-method signature="TC002_ViewAccount()[pri:0, instance:com.liono360.accounts.TC_002ViewAccount@7ac296f6]" started-at="2025-05-02T11:36:28 IST" name="TC002_ViewAccount" finished-at="2025-05-02T11:36:58 IST" duration-ms="30055" status="PASS">
          <reporter-output>
          </reporter-output>
        </test-method> <!-- TC002_ViewAccount -->
      </class> <!-- com.liono360.accounts.TC_002ViewAccount -->
      <class name="com.liono360.accounts.TC_001CreateAccount">
        <test-method is-config="true" signature="setup()[pri:0, instance:com.liono360.accounts.TC_001CreateAccount@7d7758be]" started-at="2025-05-02T11:33:30 IST" name="setup" finished-at="2025-05-02T11:34:41 IST" duration-ms="71280" status="PASS">
          <reporter-output>
          </reporter-output>
        </test-method> <!-- setup -->
        <test-method signature="TC001CreateAccount()[pri:0, instance:com.liono360.accounts.TC_001CreateAccount@7d7758be]" started-at="2025-05-02T11:34:42 IST" name="TC001CreateAccount" finished-at="2025-05-02T11:36:28 IST" duration-ms="106171" status="PASS">
          <reporter-output>
          </reporter-output>
        </test-method> <!-- TC001CreateAccount -->
        <test-method is-config="true" signature="teardown()[pri:0, instance:com.liono360.accounts.TC_001CreateAccount@7d7758be]" started-at="2025-05-02T11:39:20 IST" name="teardown" finished-at="2025-05-02T11:39:22 IST" duration-ms="1527" status="PASS">
          <reporter-output>
          </reporter-output>
        </test-method> <!-- teardown -->
      </class> <!-- com.liono360.accounts.TC_001CreateAccount -->
      <class name="com.liono360.accounts.TC_004DeleteAccount">
        <test-method signature="TC004_DeleteAccount()[pri:0, instance:com.liono360.accounts.TC_004DeleteAccount@22f59fa]" started-at="2025-05-02T11:37:46 IST" name="TC004_DeleteAccount" finished-at="2025-05-02T11:39:20 IST" duration-ms="93194" status="PASS">
          <reporter-output>
          </reporter-output>
        </test-method> <!-- TC004_DeleteAccount -->
      </class> <!-- com.liono360.accounts.TC_004DeleteAccount -->
    </test> <!-- Test -->
  </suite> <!-- Suite -->
</testng-results>
