<?xml version="1.0" encoding="UTF-8"?>
<testng-results ignored="0" total="1" passed="1" failed="0" skipped="0">
  <reporter-output>
  </reporter-output>
  <suite started-at="2025-04-09T16:12:11 IST" name="Default suite" finished-at="2025-04-09T16:13:10 IST" duration-ms="59112">
    <groups>
    </groups>
    <test started-at="2025-04-09T16:12:11 IST" name="Default test" finished-at="2025-04-09T16:13:10 IST" duration-ms="59112">
      <class name="com.liono360.leads.TC_001CreateLead">
        <test-method is-config="true" signature="setup()[pri:0, instance:com.liono360.leads.TC_001CreateLead@682b2fa]" started-at="2025-04-09T16:09:27 IST" name="setup" finished-at="2025-04-09T16:12:11 IST" duration-ms="164245" status="PASS">
          <reporter-output>
          </reporter-output>
        </test-method> <!-- setup -->
        <test-method signature="TC001_CreateLead()[pri:0, instance:com.liono360.leads.TC_001CreateLead@682b2fa]" started-at="2025-04-09T16:12:11 IST" name="TC001_CreateLead" finished-at="2025-04-09T16:13:10 IST" duration-ms="59041" status="PASS">
          <reporter-output>
          </reporter-output>
        </test-method> <!-- TC001_CreateLead -->
        <test-method is-config="true" signature="teardown()[pri:0, instance:com.liono360.leads.TC_001CreateLead@682b2fa]" started-at="2025-04-09T16:13:10 IST" name="teardown" finished-at="2025-04-09T16:13:12 IST" duration-ms="1600" status="PASS">
          <reporter-output>
          </reporter-output>
        </test-method> <!-- teardown -->
      </class> <!-- com.liono360.leads.TC_001CreateLead -->
    </test> <!-- Default test -->
  </suite> <!-- Default suite -->
</testng-results>
