<?xml version="1.0" encoding="UTF-8"?>
<testng-results ignored="0" total="1" passed="1" failed="0" skipped="0">
  <reporter-output>
  </reporter-output>
  <suite started-at="2025-04-08T19:23:22 IST" name="Default suite" finished-at="2025-04-08T19:24:32 IST" duration-ms="70739">
    <groups>
    </groups>
    <test started-at="2025-04-08T19:23:22 IST" name="Default test" finished-at="2025-04-08T19:24:32 IST" duration-ms="70739">
      <class name="com.liono360.accounts.TC_001CreateAccount">
        <test-method is-config="true" signature="setup()[pri:0, instance:com.liono360.accounts.TC_001CreateAccount@682b2fa]" started-at="2025-04-08T19:22:42 IST" name="setup" finished-at="2025-04-08T19:23:22 IST" duration-ms="39309" status="PASS">
          <reporter-output>
          </reporter-output>
        </test-method> <!-- setup -->
        <test-method signature="TC001CreateAccount()[pri:0, instance:com.liono360.accounts.TC_001CreateAccount@682b2fa]" started-at="2025-04-08T19:23:22 IST" name="TC001CreateAccount" finished-at="2025-04-08T19:24:32 IST" duration-ms="70676" status="PASS">
          <reporter-output>
          </reporter-output>
        </test-method> <!-- TC001CreateAccount -->
        <test-method is-config="true" signature="teardown()[pri:0, instance:com.liono360.accounts.TC_001CreateAccount@682b2fa]" started-at="2025-04-08T19:24:33 IST" name="teardown" finished-at="2025-04-08T19:24:34 IST" duration-ms="1304" status="PASS">
          <reporter-output>
          </reporter-output>
        </test-method> <!-- teardown -->
      </class> <!-- com.liono360.accounts.TC_001CreateAccount -->
    </test> <!-- Default test -->
  </suite> <!-- Default suite -->
</testng-results>
