<?xml version="1.0" encoding="UTF-8"?>
<testng-results ignored="4" total="7" passed="3" failed="0" skipped="0">
  <reporter-output>
  </reporter-output>
  <suite started-at="2025-04-22T14:05:34 IST" name="Suite" finished-at="2025-04-22T14:07:55 IST" duration-ms="140814">
    <groups>
    </groups>
    <test started-at="2025-04-22T14:05:34 IST" name="Test" finished-at="2025-04-22T14:07:55 IST" duration-ms="140814">
      <class name="com.liono360.leads.TC_001CreateLead">
        <test-method is-config="true" signature="setup()[pri:0, instance:com.liono360.leads.TC_001CreateLead@2ad48653]" started-at="2025-04-22T14:04:15 IST" name="setup" finished-at="2025-04-22T14:05:34 IST" duration-ms="79877" status="PASS">
          <reporter-output>
          </reporter-output>
        </test-method> <!-- setup -->
        <test-method signature="TC001_CreateLead()[pri:0, instance:com.liono360.leads.TC_001CreateLead@2ad48653]" started-at="2025-04-22T14:05:34 IST" name="TC001_CreateLead" finished-at="2025-04-22T14:06:49 IST" duration-ms="74600" status="PASS">
          <reporter-output>
          </reporter-output>
        </test-method> <!-- TC001_CreateLead -->
        <test-method is-config="true" signature="teardown()[pri:0, instance:com.liono360.leads.TC_001CreateLead@2ad48653]" started-at="2025-04-22T14:07:55 IST" name="teardown" finished-at="2025-04-22T14:07:57 IST" duration-ms="1263" status="PASS">
          <reporter-output>
          </reporter-output>
        </test-method> <!-- teardown -->
      </class> <!-- com.liono360.leads.TC_001CreateLead -->
      <class name="com.liono360.leads.TC_003EditLead">
        <test-method signature="TC003_EditLead()[pri:0, instance:com.liono360.leads.TC_003EditLead@7d7758be]" started-at="2025-04-22T14:07:10 IST" name="TC003_EditLead" finished-at="2025-04-22T14:07:55 IST" duration-ms="45337" status="PASS">
          <reporter-output>
          </reporter-output>
        </test-method> <!-- TC003_EditLead -->
      </class> <!-- com.liono360.leads.TC_003EditLead -->
      <class name="com.liono360.leads.TC_002ViewLead">
        <test-method signature="TC002_ViewLead()[pri:0, instance:com.liono360.leads.TC_002ViewLead@74287ea3]" started-at="2025-04-22T14:06:49 IST" name="TC002_ViewLead" finished-at="2025-04-22T14:07:10 IST" duration-ms="20848" status="PASS">
          <reporter-output>
          </reporter-output>
        </test-method> <!-- TC002_ViewLead -->
      </class> <!-- com.liono360.leads.TC_002ViewLead -->
    </test> <!-- Test -->
  </suite> <!-- Suite -->
</testng-results>
